<?xml version="1.0" encoding="UTF-8"?>
<!-- Generated by org.testng.reporters.JUnitXMLReporter -->
<testsuite ignored="0" hostname="DESKTOP-FDB4EN5" failures="0" tests="3" name="submit Order Test" time="41.614" errors="0" timestamp="2024-09-02T22:47:35 PDT">
  <testcase classname="rahulshettyacademy.tests.submitOrderTest" name="submitOrder" time="7.516"/>
  <testcase classname="rahulshettyacademy.tests.submitOrderTest" name="submitOrder" time="20.673"/>
  <testcase classname="rahulshettyacademy.tests.submitOrderTest" name="orderHistoryTest" time="1.231"/>
</testsuite> <!-- submit Order Test -->
