<?xml version="1.0" encoding="UTF-8"?>
<!-- Generated by org.testng.reporters.JUnitXMLReporter -->
<testsuite ignored="0" hostname="DESKTOP-FDB4EN5" failures="0" tests="3" name="submit Order Test" time="68.471" errors="0" timestamp="2024-09-05T09:25:14 PDT">
  <testcase classname="rahulshettyacademy.tests.submitOrderTest" name="submitOrder" time="21.563"/>
  <testcase classname="rahulshettyacademy.tests.submitOrderTest" name="submitOrder" time="20.935"/>
  <testcase classname="rahulshettyacademy.tests.submitOrderTest" name="orderHistoryTest" time="1.287"/>
</testsuite> <!-- submit Order Test -->
